KidozUnityOfficial/Temp/gradleOut/KidozSdk/build/outputs/logs/manifest-merger-release-report.txt
-- Merging decision tree log ---
manifest
ADDED from gradleOut/KidozSdk/AndroidManifest.xml:1:1-28:12
INJECTED from gradleOut/KidozSdk/AndroidManifest.xml:1:1-28:12
INJECTED from gradleOut/KidozSdk/AndroidManifest.xml:1:1-28:12
INJECTED from gradleOut/KidozSdk/AndroidManifest.xml:1:1-28:12
INJECTED from gradleOut/KidozSdk/AndroidManifest.xml:1:1-28:12
INJECTED from gradleOut/KidozSdk/AndroidManifest.xml:1:1-28:12
INJECTED from gradleOut/KidozSdk/AndroidManifest.xml:1:1-28:12
	package
		ADDED from gradleOut/KidozSdk/AndroidManifest.xml:2:5-36
		INJECTED from gradleOut/KidozSdk/AndroidManifest.xml
		INJECTED from gradleOut/KidozSdk/AndroidManifest.xml
	android:versionName
		ADDED from gradleOut/KidozSdk/AndroidManifest.xml:4:5-32
		INJECTED from gradleOut/KidozSdk/AndroidManifest.xml
		INJECTED from gradleOut/KidozSdk/AndroidManifest.xml
	xmlns:android
		ADDED from gradleOut/KidozSdk/AndroidManifest.xml:1:11-69
	android:versionCode
		ADDED from gradleOut/KidozSdk/AndroidManifest.xml:3:5-29
		INJECTED from gradleOut/KidozSdk/AndroidManifest.xml
		INJECTED from gradleOut/KidozSdk/AndroidManifest.xml
uses-sdk
ADDED from gradleOut/KidozSdk/AndroidManifest.xml:6:5-8:41
INJECTED from gradleOut/KidozSdk/AndroidManifest.xml:6:5-8:41
INJECTED from gradleOut/KidozSdk/AndroidManifest.xml:6:5-8:41
	android:targetSdkVersion
		ADDED from gradleOut/KidozSdk/AndroidManifest.xml:8:9-38
		INJECTED from gradleOut/KidozSdk/AndroidManifest.xml
		INJECTED from gradleOut/KidozSdk/AndroidManifest.xml
	android:minSdkVersion
		ADDED from gradleOut/KidozSdk/AndroidManifest.xml:7:9-35
uses-permission#android.permission.INTERNET
ADDED from gradleOut/KidozSdk/AndroidManifest.xml:10:5-67
	android:name
		ADDED from gradleOut/KidozSdk/AndroidManifest.xml:10:22-64
application
ADDED from gradleOut/KidozSdk/AndroidManifest.xml:11:5-26:19
	android:hardwareAccelerated
		ADDED from gradleOut/KidozSdk/AndroidManifest.xml:11:18-52
activity#com.kidoz.sdk.api.ui_views.interstitial.KidozAdActivity
ADDED from gradleOut/KidozSdk/AndroidManifest.xml:12:9-14:21
	android:configChanges
		ADDED from gradleOut/KidozSdk/AndroidManifest.xml:13:19-128
	android:name
		ADDED from gradleOut/KidozSdk/AndroidManifest.xml:12:19-89
receiver#com.kidoz.sdk.api.receivers.SdkReceiver
ADDED from gradleOut/KidozSdk/AndroidManifest.xml:17:9-23:20
	android:name
		ADDED from gradleOut/KidozSdk/AndroidManifest.xml:17:19-73
intent-filter#action:name:android.intent.action.PACKAGE_ADDED+data:scheme:package
ADDED from gradleOut/KidozSdk/AndroidManifest.xml:18:13-22:29
action#android.intent.action.PACKAGE_ADDED
ADDED from gradleOut/KidozSdk/AndroidManifest.xml:19:17-78
	android:name
		ADDED from gradleOut/KidozSdk/AndroidManifest.xml:19:25-75
data
ADDED from gradleOut/KidozSdk/AndroidManifest.xml:21:17-50
	android:scheme
		ADDED from gradleOut/KidozSdk/AndroidManifest.xml:21:23-47